SF:lib\app\domain\usecases\delete_animal_usecase.dart
DA:6,1
DA:8,1
DA:9,2
LF:3
LH:3
end_of_record
SF:lib\app\data\datasource\animal_datasource.dart
DA:10,0
DA:13,0
DA:16,0
DA:19,0
DA:22,0
DA:25,0
LF:6
LH:0
end_of_record
SF:lib\app\domain\entity\animal_entity.dart
DA:5,0
LF:1
LH:0
end_of_record
SF:lib\app\domain\usecases\save_animals_usecase.dart
DA:7,1
DA:9,1
DA:10,2
LF:3
LH:3
end_of_record
SF:lib\app\domain\usecases\search_for_a_single_animal_usecase.dart
DA:7,1
DA:9,1
DA:10,2
LF:3
LH:3
end_of_record
SF:lib\app\domain\usecases\search_multiple_animals_usecase.dart
DA:7,1
DA:9,1
DA:10,2
LF:3
LH:3
end_of_record
SF:lib\app\domain\usecases\update_animal_usecase.dart
DA:7,1
DA:9,1
DA:10,2
LF:3
LH:3
end_of_record
