SF:lib\app\data\animals\datasource\animal_datasource.dart
DA:18,1
DA:20,1
DA:23,2
DA:30,1
DA:34,2
DA:40,1
DA:43,2
DA:45,1
DA:47,1
DA:53,1
DA:57,2
DA:59,2
DA:60,1
DA:61,1
DA:62,4
DA:68,1
DA:71,2
DA:73,2
DA:74,1
LF:19
LH:19
end_of_record
SF:lib\app\data\animals\model\animal_model.dart
DA:4,14
DA:10,2
DA:15,2
DA:16,1
DA:17,1
DA:18,1
DA:21,4
DA:22,2
DA:23,2
DA:26,1
DA:27,1
DA:28,1
DA:29,1
DA:30,1
LF:14
LH:14
end_of_record
SF:lib\app\domain\animals\entity\animal_entity.dart
DA:8,14
DA:14,1
DA:16,3
LF:3
LH:3
end_of_record
SF:lib\app\domain\farms\entity\farm_entity.dart
DA:4,1
LF:1
LH:1
end_of_record
SF:lib\app\domain\farms\usecases\search_farms_usecase.dart
DA:7,1
DA:9,1
DA:10,2
LF:3
LH:3
end_of_record
SF:lib\app\data\animals\repository\animal_repository_impl.dart
DA:8,1
DA:10,1
DA:13,2
DA:14,1
DA:15,1
DA:19,1
DA:23,2
DA:24,1
DA:25,1
DA:29,1
DA:33,2
DA:34,1
DA:35,1
DA:39,1
DA:42,2
DA:43,1
DA:44,1
DA:48,1
DA:51,2
DA:52,1
DA:53,1
LF:21
LH:21
end_of_record
SF:lib\app\data\farms\datasource\farm_datasource.dart
DA:12,1
DA:14,1
DA:18,4
DA:19,1
DA:20,1
DA:21,4
LF:6
LH:6
end_of_record
SF:lib\app\data\farms\model\farm_model.dart
DA:4,1
DA:6,0
DA:10,0
DA:11,0
DA:12,0
DA:15,0
DA:16,0
DA:17,0
DA:20,2
DA:21,1
DA:22,1
LF:11
LH:4
end_of_record
SF:lib\app\data\farms\repository\farm_repository_impl.dart
DA:9,1
DA:11,1
DA:14,2
DA:15,1
DA:16,1
LF:5
LH:5
end_of_record
SF:lib\app\domain\animals\usecases\delete_animal_usecase.dart
DA:6,1
DA:8,1
DA:9,2
LF:3
LH:3
end_of_record
SF:lib\app\domain\animals\usecases\get_amount_animals_usecase.dart
DA:6,1
DA:8,1
DA:9,2
LF:3
LH:3
end_of_record
SF:lib\app\domain\animals\usecases\save_animals_usecase.dart
DA:7,1
DA:9,1
DA:11,2
DA:13,5
DA:14,1
DA:22,1
DA:25,1
DA:26,3
LF:8
LH:8
end_of_record
SF:lib\app\domain\animals\usecases\search_animal_usecase.dart
DA:7,1
DA:9,1
DA:11,2
LF:3
LH:3
end_of_record
SF:lib\app\domain\animals\usecases\update_animal_usecase.dart
DA:7,1
DA:9,1
DA:10,2
LF:3
LH:3
end_of_record
